2024-11-07T00:48:42.515+08:00  INFO 32776 --- [hello] [restartedMain] com.example.hello.HelloApplication       : Starting HelloApplication using Java 23.0.1 with PID 32776 (C:\java-projects\hello\target\classes started by srinivas.gundali in C:\java-projects\hello)
2024-11-07T00:48:42.517+08:00  INFO 32776 --- [hello] [restartedMain] com.example.hello.HelloApplication       : No active profile set, falling back to 1 default profile: "default"
2024-11-07T00:48:42.563+08:00  INFO 32776 --- [hello] [restartedMain] .e.DevToolsPropertyDefaultsPostProcessor : Devtools property defaults active! Set 'spring.devtools.add-properties' to 'false' to disable
2024-11-07T00:48:42.563+08:00  INFO 32776 --- [hello] [restartedMain] .e.DevToolsPropertyDefaultsPostProcessor : For additional web related logging consider setting the 'logging.level.web' property to 'DEBUG'
2024-11-07T00:48:43.456+08:00  INFO 32776 --- [hello] [restartedMain] o.s.b.w.embedded.tomcat.TomcatWebServer  : Tomcat initialized with port 8002 (http)
2024-11-07T00:48:43.468+08:00  INFO 32776 --- [hello] [restartedMain] o.apache.catalina.core.StandardService   : Starting service [Tomcat]
2024-11-07T00:48:43.469+08:00  INFO 32776 --- [hello] [restartedMain] o.apache.catalina.core.StandardEngine    : Starting Servlet engine: [Apache Tomcat/10.1.31]
2024-11-07T00:48:43.523+08:00  INFO 32776 --- [hello] [restartedMain] o.a.c.c.C.[Tomcat].[localhost].[/]       : Initializing Spring embedded WebApplicationContext
2024-11-07T00:48:43.523+08:00  INFO 32776 --- [hello] [restartedMain] w.s.c.ServletWebServerApplicationContext : Root WebApplicationContext: initialization completed in 959 ms
2024-11-07T00:48:43.845+08:00  INFO 32776 --- [hello] [restartedMain] o.s.b.d.a.OptionalLiveReloadServer       : LiveReload server is running on port 35729
2024-11-07T00:48:43.873+08:00  INFO 32776 --- [hello] [restartedMain] o.s.b.w.embedded.tomcat.TomcatWebServer  : Tomcat started on port 8002 (http) with context path '/'
2024-11-07T00:48:43.879+08:00  INFO 32776 --- [hello] [restartedMain] com.example.hello.HelloApplication       : Started HelloApplication in 1.787 seconds (process running for 2.135)
2024-11-07T00:49:04.595+08:00  INFO 32776 --- [hello] [File Watcher] rtingClassPathChangeChangedEventListener : Restarting due to 1 class path change (0 additions, 0 deletions, 1 modification)
2024-11-07T00:49:04.675+08:00  INFO 32776 --- [hello] [restartedMain] com.example.hello.HelloApplication       : Starting HelloApplication using Java 23.0.1 with PID 32776 (C:\java-projects\hello\target\classes started by srinivas.gundali in C:\java-projects\hello)
2024-11-07T00:49:04.675+08:00  INFO 32776 --- [hello] [restartedMain] com.example.hello.HelloApplication       : No active profile set, falling back to 1 default profile: "default"
2024-11-07T00:49:04.816+08:00  INFO 32776 --- [hello] [restartedMain] o.s.b.w.embedded.tomcat.TomcatWebServer  : Tomcat initialized with port 8002 (http)
2024-11-07T00:49:04.817+08:00  INFO 32776 --- [hello] [restartedMain] o.apache.catalina.core.StandardService   : Starting service [Tomcat]
2024-11-07T00:49:04.817+08:00  INFO 32776 --- [hello] [restartedMain] o.apache.catalina.core.StandardEngine    : Starting Servlet engine: [Apache Tomcat/10.1.31]
2024-11-07T00:49:04.836+08:00  INFO 32776 --- [hello] [restartedMain] o.a.c.c.C.[Tomcat].[localhost].[/]       : Initializing Spring embedded WebApplicationContext
2024-11-07T00:49:04.837+08:00  INFO 32776 --- [hello] [restartedMain] w.s.c.ServletWebServerApplicationContext : Root WebApplicationContext: initialization completed in 160 ms
2024-11-07T00:49:04.906+08:00  INFO 32776 --- [hello] [restartedMain] o.s.b.d.a.OptionalLiveReloadServer       : LiveReload server is running on port 35729
2024-11-07T00:49:04.913+08:00  INFO 32776 --- [hello] [restartedMain] o.s.b.w.embedded.tomcat.TomcatWebServer  : Tomcat started on port 8002 (http) with context path '/'
2024-11-07T00:49:04.915+08:00  INFO 32776 --- [hello] [restartedMain] com.example.hello.HelloApplication       : Started HelloApplication in 0.258 seconds (process running for 23.17)
2024-11-07T00:49:04.917+08:00  INFO 32776 --- [hello] [restartedMain] .ConditionEvaluationDeltaLoggingListener : Condition evaluation unchanged
2024-11-07T00:49:08.700+08:00  INFO 32776 --- [hello] [http-nio-8002-exec-1] o.a.c.c.C.[Tomcat].[localhost].[/]       : Initializing Spring DispatcherServlet 'dispatcherServlet'
2024-11-07T00:49:08.701+08:00  INFO 32776 --- [hello] [http-nio-8002-exec-1] o.s.web.servlet.DispatcherServlet        : Initializing Servlet 'dispatcherServlet'
2024-11-07T00:49:08.702+08:00  INFO 32776 --- [hello] [http-nio-8002-exec-1] o.s.web.servlet.DispatcherServlet        : Completed initialization in 1 ms
2024-11-07T00:49:08.744+08:00 DEBUG 32776 --- [hello] [http-nio-8002-exec-1] o.s.jdbc.core.JdbcTemplate               : Executing prepared SQL query
2024-11-07T00:49:08.747+08:00 DEBUG 32776 --- [hello] [http-nio-8002-exec-1] o.s.jdbc.core.JdbcTemplate               : Executing prepared SQL statement [SELECT * FROM users WHERE name ILIKE ?]
2024-11-07T00:49:08.750+08:00  INFO 32776 --- [hello] [http-nio-8002-exec-1] com.zaxxer.hikari.HikariDataSource       : HikariPool-1 - Starting...
2024-11-07T00:49:08.902+08:00  INFO 32776 --- [hello] [http-nio-8002-exec-1] com.zaxxer.hikari.pool.HikariPool        : HikariPool-1 - Added connection org.postgresql.jdbc.PgConnection@3247d2c7
2024-11-07T00:49:08.904+08:00  INFO 32776 --- [hello] [http-nio-8002-exec-1] com.zaxxer.hikari.HikariDataSource       : HikariPool-1 - Start completed.
2024-11-07T00:49:53.533+08:00 DEBUG 32776 --- [hello] [http-nio-8002-exec-7] o.s.jdbc.core.JdbcTemplate               : Executing SQL query [SELECT * FROM users]
